<?xml version="1.0" encoding="UTF-8"?>
<!-- Generated by org.testng.reporters.JUnitReportReporter -->
<testsuite name="Checks.DeleteBanner" tests="1" time="14.338" ignored="0" failures="0" timestamp="07 Jan 2018 07:28:20 GMT" skipped="0" hostname="LAPTOP-V26TDURT" errors="0">
  <testcase name="vvv" time="14.338" classname="Checks.DeleteBanner"/>
</testsuite> <!-- Checks.DeleteBanner -->
