<?xml version="1.0" encoding="UTF-8"?>
<!-- Generated by org.testng.reporters.JUnitReportReporter -->
<testsuite name="Checks.Tests" tests="2" time="9.137" ignored="0" failures="0" timestamp="06 Jan 2018 16:35:45 GMT" skipped="0" hostname="LAPTOP-V26TDURT" errors="0">
  <testcase name="addFirstCommercialAd" time="5.628" classname="Checks.Tests"/>
  <testcase name="login" time="3.509" classname="Checks.Tests"/>
</testsuite> <!-- Checks.Tests -->
